[W 2026-06-01 17:05:34.709 ServerApp] A `_jupyter_server_extension_points` function was not found in jupyter_lsp. Instead, a `_jupyter_server_extension_paths` function was found and will be used for now. This function name will be deprecated in future releases of Jupyter Server.
[W 2026-06-01 17:05:34.755 ServerApp] A `_jupyter_server_extension_points` function was not found in notebook_shim. Instead, a `_jupyter_server_extension_paths` function was found and will be used for now. This function name will be deprecated in future releases of Jupyter Server.
[I 2026-06-01 17:05:34.755 ServerApp] jupyter_lsp | extension was successfully linked.
[I 2026-06-01 17:05:34.757 ServerApp] jupyter_server_terminals | extension was successfully linked.
[I 2026-06-01 17:05:34.758 ServerApp] jupyterlab | extension was successfully linked.
[I 2026-06-01 17:05:34.760 ServerApp] notebook | extension was successfully linked.
[I 2026-06-01 17:05:34.895 ServerApp] notebook_shim | extension was successfully linked.
[I 2026-06-01 17:05:34.907 ServerApp] notebook_shim | extension was successfully loaded.
[I 2026-06-01 17:05:34.908 ServerApp] jupyter_lsp | extension was successfully loaded.
[I 2026-06-01 17:05:34.908 ServerApp] jupyter_server_terminals | extension was successfully loaded.
[I 2026-06-01 17:05:34.910 LabApp] JupyterLab extension loaded from /home/tirsus/.local/lib/python3.10/site-packages/jupyterlab
[I 2026-06-01 17:05:34.910 LabApp] JupyterLab application directory is /home/tirsus/.local/share/jupyter/lab
[I 2026-06-01 17:05:34.911 LabApp] Extension Manager is 'pypi'.
[I 2026-06-01 17:05:34.912 ServerApp] jupyterlab | extension was successfully loaded.
[I 2026-06-01 17:05:34.913 ServerApp] notebook | extension was successfully loaded.
[I 2026-06-01 17:05:34.913 ServerApp] Serving notebooks from local directory: /home/tirsus
[I 2026-06-01 17:05:34.913 ServerApp] Jupyter Server 2.12.2 is running at:
[I 2026-06-01 17:05:34.913 ServerApp] http://bd-1:8890/tree?token=42870f03b04bec535c204f7509914bfb9f7ab9f6e34d39b4
[I 2026-06-01 17:05:34.913 ServerApp]     http://127.0.0.1:8890/tree?token=42870f03b04bec535c204f7509914bfb9f7ab9f6e34d39b4
[I 2026-06-01 17:05:34.913 ServerApp] Use Control-C to stop this server and shut down all kernels (twice to skip confirmation).
[C 2026-06-01 17:05:34.914 ServerApp] 
    
    To access the server, open this file in a browser:
        file:///home/tirsus/.local/share/jupyter/runtime/jpserver-1396104-open.html
    Or copy and paste one of these URLs:
        http://bd-1:8890/tree?token=42870f03b04bec535c204f7509914bfb9f7ab9f6e34d39b4
        http://127.0.0.1:8890/tree?token=42870f03b04bec535c204f7509914bfb9f7ab9f6e34d39b4
[I 2026-06-01 17:05:34.920 ServerApp] Skipped non-installed server(s): bash-language-server, dockerfile-language-server-nodejs, javascript-typescript-langserver, jedi-language-server, julia-language-server, pyright, python-language-server, python-lsp-server, r-languageserver, sql-language-server, texlab, typescript-language-server, unified-language-server, vscode-css-languageserver-bin, vscode-html-languageserver-bin, vscode-json-languageserver-bin, yaml-language-server
